# JRE version: OpenJDK Runtime Environment (22.0.1+8) (build 22.0.1+8-16)
# Java VM: OpenJDK 64-Bit Server VM (22.0.1+8-16, mixed mode, sharing, tiered, compressed oops, compressed class ptrs, g1 gc, windows-amd64)
GC Precious Log:
 CardTable entry size: 512
 Card Set container configuration: InlinePtr #cards 5 size 8 Array Of Cards #cards 12 size 40 Howl #buckets 4 coarsen threshold 1843 Howl Bitmap #cards 512 size 80 coarsen threshold 460 Card regions per heap region 1 cards per card region 2048
 CPUs: 12 total, 12 available
 Memory: 7514M
 Large Page Support: Disabled
 NUMA Support: Disabled
 Compressed Oops: Enabled (32-bit)
 Heap Region Size: 1M
 Heap Min Capacity: 8M
 Heap Initial Capacity: 118M
 Heap Max Capacity: 1880M
 Pre-touch: Disabled
 Parallel Workers: 10
 Concurrent Workers: 3
 Concurrent Refinement Workers: 10
 Periodic GC: Disabled
Heap:
 garbage-first heap   total reserved 1925120K, committed 40960K, used 27492K [0x000000008a800000, 0x0000000100000000)
  region size 1024K, 18 young (18432K), 3 survivors (3072K)
 Metaspace       used 26800K, committed 27200K, reserved 1114112K
  class space    used 3856K, committed 4032K, reserved 1048576K
GC Heap History (8 events):
Event: 0.915 GC heap before
{Heap before GC invocations=0 (full 0):
 garbage-first heap   total reserved 1925120K, committed 120832K, used 23552K [0x000000008a800000, 0x0000000100000000)
  region size 1024K, 24 young (24576K), 0 survivors (0K)
 Metaspace       used 5068K, committed 5312K, reserved 1114112K
  class space    used 599K, committed 704K, reserved 1048576K
}
Event: 0.922 GC heap after
{Heap after GC invocations=1 (full 0):
 garbage-first heap   total reserved 1925120K, committed 120832K, used 3347K [0x000000008a800000, 0x0000000100000000)
  region size 1024K, 3 young (3072K), 3 survivors (3072K)
 Metaspace       used 5068K, committed 5312K, reserved 1114112K
  class space    used 599K, committed 704K, reserved 1048576K
}
Event: 1.821 GC heap before
{Heap before GC invocations=1 (full 0):
 garbage-first heap   total reserved 1925120K, committed 120832K, used 37139K [0x000000008a800000, 0x0000000100000000)
  region size 1024K, 37 young (37888K), 3 survivors (3072K)
 Metaspace       used 13044K, committed 13376K, reserved 1114112K
  class space    used 1836K, committed 1984K, reserved 1048576K
}
Event: 1.830 GC heap after
{Heap after GC invocations=2 (full 0):
 garbage-first heap   total reserved 1925120K, committed 120832K, used 6704K [0x000000008a800000, 0x0000000100000000)
  region size 1024K, 5 young (5120K), 5 survivors (5120K)
 Metaspace       used 13044K, committed 13376K, reserved 1114112K
  class space    used 1836K, committed 1984K, reserved 1048576K
}
Event: 3.628 GC heap before
{Heap before GC invocations=2 (full 0):
 garbage-first heap   total reserved 1925120K, committed 120832K, used 28208K [0x000000008a800000, 0x0000000100000000)
  region size 1024K, 26 young (26624K), 5 survivors (5120K)
 Metaspace       used 21235K, committed 21504K, reserved 1114112K
  class space    used 2898K, committed 3008K, reserved 1048576K
}
Event: 3.635 GC heap after
{Heap after GC invocations=3 (full 0):
 garbage-first heap   total reserved 1925120K, committed 120832K, used 12177K [0x000000008a800000, 0x0000000100000000)
  region size 1024K, 6 young (6144K), 6 survivors (6144K)
 Metaspace       used 21235K, committed 21504K, reserved 1114112K
  class space    used 2898K, committed 3008K, reserved 1048576K
}
Event: 4.374 GC heap before
{Heap before GC invocations=4 (full 0):
 garbage-first heap   total reserved 1925120K, committed 40960K, used 30609K [0x000000008a800000, 0x0000000100000000)
  region size 1024K, 24 young (24576K), 6 survivors (6144K)
 Metaspace       used 25077K, committed 25408K, reserved 1114112K
  class space    used 3640K, committed 3776K, reserved 1048576K
}
Event: 4.382 GC heap after
{Heap after GC invocations=5 (full 0):
 garbage-first heap   total reserved 1925120K, committed 40960K, used 14180K [0x000000008a800000, 0x0000000100000000)
  region size 1024K, 3 young (3072K), 3 survivors (3072K)
 Metaspace       used 25077K, committed 25408K, reserved 1114112K
  class space    used 3640K, committed 3776K, reserved 1048576K
}

